<?xml version="1.0" encoding="UTF-8"?>
<testsuite name="com.toysforshots.ToysforshotsApplicationTests" tests="1" skipped="0" failures="0" errors="0" timestamp="2016-05-19T13:34:20" hostname="Wills-MacBook-Pro-2.local" time="0.001">
  <properties/>
  <testcase name="contextLoads" classname="com.toysforshots.ToysforshotsApplicationTests" time="0.001"/>
  <system-out><![CDATA[23:34:19.016 [Test worker] DEBUG org.springframework.test.context.junit4.SpringJUnit4ClassRunner - SpringJUnit4ClassRunner constructor called with [class com.toysforshots.ToysforshotsApplicationTests]
23:34:19.020 [Test worker] DEBUG org.springframework.test.context.BootstrapUtils - Instantiating CacheAwareContextLoaderDelegate from class [org.springframework.test.context.cache.DefaultCacheAwareContextLoaderDelegate]
23:34:19.023 [Test worker] DEBUG org.springframework.test.context.BootstrapUtils - Instantiating BootstrapContext using constructor [public org.springframework.test.context.support.DefaultBootstrapContext(java.lang.Class,org.springframework.test.context.CacheAwareContextLoaderDelegate)]
23:34:19.031 [Test worker] DEBUG org.springframework.test.context.BootstrapUtils - Instantiating TestContextBootstrapper for test class [com.toysforshots.ToysforshotsApplicationTests] from class [org.springframework.test.context.web.WebTestContextBootstrapper]
23:34:19.046 [Test worker] DEBUG org.springframework.test.context.web.WebTestContextBootstrapper - Found explicit ContextLoader class [org.springframework.boot.test.SpringApplicationContextLoader] for context configuration attributes [ContextConfigurationAttributes@337890ce declaringClass = 'com.toysforshots.ToysforshotsApplicationTests', classes = '{class com.toysforshots.ToysforshotsApplication}', locations = '{}', inheritLocations = true, initializers = '{}', inheritInitializers = true, name = [null], contextLoaderClass = 'org.springframework.boot.test.SpringApplicationContextLoader']
23:34:19.051 [Test worker] DEBUG org.springframework.test.context.support.AbstractContextLoader - Did not detect default resource location for test class [com.toysforshots.ToysforshotsApplicationTests]: class path resource [com/toysforshots/ToysforshotsApplicationTests-context.xml] does not exist
23:34:19.051 [Test worker] DEBUG org.springframework.test.context.support.AbstractContextLoader - Did not detect default resource location for test class [com.toysforshots.ToysforshotsApplicationTests]: class path resource [com/toysforshots/ToysforshotsApplicationTestsContext.groovy] does not exist
23:34:19.051 [Test worker] INFO org.springframework.test.context.support.AbstractContextLoader - Could not detect default resource locations for test class [com.toysforshots.ToysforshotsApplicationTests]: no resource found for suffixes {-context.xml, Context.groovy}.
23:34:19.053 [Test worker] DEBUG org.springframework.test.context.support.ActiveProfilesUtils - Could not find an 'annotation declaring class' for annotation type [org.springframework.test.context.ActiveProfiles] and class [com.toysforshots.ToysforshotsApplicationTests]
23:34:19.055 [Test worker] DEBUG org.springframework.test.context.web.WebTestContextBootstrapper - @TestExecutionListeners is not present for class [com.toysforshots.ToysforshotsApplicationTests]: using defaults.
23:34:19.060 [Test worker] INFO org.springframework.test.context.web.WebTestContextBootstrapper - Loaded default TestExecutionListener class names from location [META-INF/spring.factories]: [org.springframework.test.context.web.ServletTestExecutionListener, org.springframework.test.context.support.DirtiesContextBeforeModesTestExecutionListener, org.springframework.test.context.support.DependencyInjectionTestExecutionListener, org.springframework.test.context.support.DirtiesContextTestExecutionListener, org.springframework.test.context.transaction.TransactionalTestExecutionListener, org.springframework.test.context.jdbc.SqlScriptsTestExecutionListener]
23:34:19.067 [Test worker] INFO org.springframework.test.context.web.WebTestContextBootstrapper - Could not instantiate TestExecutionListener [org.springframework.test.context.transaction.TransactionalTestExecutionListener]. Specify custom listener classes or make the default listener classes (and their required dependencies) available. Offending class: [org/springframework/transaction/interceptor/TransactionAttributeSource]
23:34:19.068 [Test worker] INFO org.springframework.test.context.web.WebTestContextBootstrapper - Could not instantiate TestExecutionListener [org.springframework.test.context.jdbc.SqlScriptsTestExecutionListener]. Specify custom listener classes or make the default listener classes (and their required dependencies) available. Offending class: [org/springframework/transaction/interceptor/TransactionAttribute]
23:34:19.069 [Test worker] INFO org.springframework.test.context.web.WebTestContextBootstrapper - Using TestExecutionListeners: [org.springframework.test.context.web.ServletTestExecutionListener@3c259fd5, org.springframework.test.context.support.DirtiesContextBeforeModesTestExecutionListener@3f97b0aa, org.springframework.test.context.support.DependencyInjectionTestExecutionListener@637b4308, org.springframework.test.context.support.DirtiesContextTestExecutionListener@523b2e8d]
23:34:19.071 [Test worker] DEBUG org.springframework.test.annotation.ProfileValueUtils - Retrieved @ProfileValueSourceConfiguration [null] for test class [com.toysforshots.ToysforshotsApplicationTests]
23:34:19.071 [Test worker] DEBUG org.springframework.test.annotation.ProfileValueUtils - Retrieved ProfileValueSource type [class org.springframework.test.annotation.SystemProfileValueSource] for class [com.toysforshots.ToysforshotsApplicationTests]
23:34:19.072 [Test worker] DEBUG org.springframework.test.annotation.ProfileValueUtils - Retrieved @ProfileValueSourceConfiguration [null] for test class [com.toysforshots.ToysforshotsApplicationTests]
23:34:19.072 [Test worker] DEBUG org.springframework.test.annotation.ProfileValueUtils - Retrieved ProfileValueSource type [class org.springframework.test.annotation.SystemProfileValueSource] for class [com.toysforshots.ToysforshotsApplicationTests]
23:34:19.074 [Test worker] DEBUG org.springframework.test.context.support.AbstractDirtiesContextTestExecutionListener - Before test class: context [DefaultTestContext@5c948c4d testClass = ToysforshotsApplicationTests, testInstance = [null], testMethod = [null], testException = [null], mergedContextConfiguration = [WebMergedContextConfiguration@475cd338 testClass = ToysforshotsApplicationTests, locations = '{}', classes = '{class com.toysforshots.ToysforshotsApplication}', contextInitializerClasses = '[]', activeProfiles = '{}', propertySourceLocations = '{}', propertySourceProperties = '{}', resourceBasePath = 'src/main/webapp', contextLoader = 'org.springframework.boot.test.SpringApplicationContextLoader', parent = [null]]], class annotated with @DirtiesContext [false] with mode [null].
23:34:19.075 [Test worker] DEBUG org.springframework.test.annotation.ProfileValueUtils - Retrieved @ProfileValueSourceConfiguration [null] for test class [com.toysforshots.ToysforshotsApplicationTests]
23:34:19.075 [Test worker] DEBUG org.springframework.test.annotation.ProfileValueUtils - Retrieved ProfileValueSource type [class org.springframework.test.annotation.SystemProfileValueSource] for class [com.toysforshots.ToysforshotsApplicationTests]
23:34:19.122 [Test worker] DEBUG org.springframework.core.env.StandardEnvironment - Adding [systemProperties] PropertySource with lowest search precedence
23:34:19.123 [Test worker] DEBUG org.springframework.core.env.StandardEnvironment - Adding [systemEnvironment] PropertySource with lowest search precedence
23:34:19.123 [Test worker] DEBUG org.springframework.core.env.StandardEnvironment - Initialized StandardEnvironment with PropertySources [systemProperties,systemEnvironment]
23:34:19.124 [Test worker] DEBUG org.springframework.core.env.StandardEnvironment - Adding [integrationTest] PropertySource with search precedence immediately lower than [systemEnvironment]

  .   ____          _            __ _ _
 /\\ / ___'_ __ _ _(_)_ __  __ _ \ \ \ \
( ( )\___ | '_ | '_| | '_ \/ _` | \ \ \ \
 \\/  ___)| |_)| | | | | || (_| |  ) ) ) )
  '  |____| .__|_| |_|_| |_\__, | / / / /
 =========|_|==============|___/=/_/_/_/
 :: Spring Boot ::        (v1.3.5.RELEASE)

2016-05-19 23:34:19.303  INFO 85826 --- [    Test worker] c.t.ToysforshotsApplicationTests         : Starting ToysforshotsApplicationTests on Wills-MacBook-Pro-2.local with PID 85826 (/Users/twillzy/Spring_Boot/experiments/toysforshots/build/classes/test started by twillzy in /Users/twillzy/Spring_Boot/experiments/toysforshots)
2016-05-19 23:34:19.304  INFO 85826 --- [    Test worker] c.t.ToysforshotsApplicationTests         : No active profile set, falling back to default profiles: default
2016-05-19 23:34:19.355  INFO 85826 --- [    Test worker] o.s.w.c.s.GenericWebApplicationContext   : Refreshing org.springframework.web.context.support.GenericWebApplicationContext@73fce43f: startup date [Thu May 19 23:34:19 AEST 2016]; root of context hierarchy
2016-05-19 23:34:20.401  INFO 85826 --- [    Test worker] s.w.s.m.m.a.RequestMappingHandlerAdapter : Looking for @ControllerAdvice: org.springframework.web.context.support.GenericWebApplicationContext@73fce43f: startup date [Thu May 19 23:34:19 AEST 2016]; root of context hierarchy
2016-05-19 23:34:20.443  INFO 85826 --- [    Test worker] s.w.s.m.m.a.RequestMappingHandlerMapping : Mapped "{[/]}" onto public java.lang.String com.toysforshots.controller.PageController.home()
2016-05-19 23:34:20.446  INFO 85826 --- [    Test worker] s.w.s.m.m.a.RequestMappingHandlerMapping : Mapped "{[/error]}" onto public org.springframework.http.ResponseEntity<java.util.Map<java.lang.String, java.lang.Object>> org.springframework.boot.autoconfigure.web.BasicErrorController.error(javax.servlet.http.HttpServletRequest)
2016-05-19 23:34:20.446  INFO 85826 --- [    Test worker] s.w.s.m.m.a.RequestMappingHandlerMapping : Mapped "{[/error],produces=[text/html]}" onto public org.springframework.web.servlet.ModelAndView org.springframework.boot.autoconfigure.web.BasicErrorController.errorHtml(javax.servlet.http.HttpServletRequest,javax.servlet.http.HttpServletResponse)
2016-05-19 23:34:20.448  INFO 85826 --- [    Test worker] o.s.w.s.c.a.WebMvcConfigurerAdapter      : Adding welcome page: ServletContext resource [/index.html]
2016-05-19 23:34:20.456  INFO 85826 --- [    Test worker] o.s.w.s.handler.SimpleUrlHandlerMapping  : Root mapping to handler of type [class org.springframework.web.servlet.mvc.ParameterizableViewController]
2016-05-19 23:34:20.463  INFO 85826 --- [    Test worker] o.s.w.s.handler.SimpleUrlHandlerMapping  : Mapped URL path [/webjars/**] onto handler of type [class org.springframework.web.servlet.resource.ResourceHttpRequestHandler]
2016-05-19 23:34:20.464  INFO 85826 --- [    Test worker] o.s.w.s.handler.SimpleUrlHandlerMapping  : Mapped URL path [/**] onto handler of type [class org.springframework.web.servlet.resource.ResourceHttpRequestHandler]
2016-05-19 23:34:20.487  INFO 85826 --- [    Test worker] o.s.w.s.handler.SimpleUrlHandlerMapping  : Mapped URL path [/**/favicon.ico] onto handler of type [class org.springframework.web.servlet.resource.ResourceHttpRequestHandler]
2016-05-19 23:34:20.567  INFO 85826 --- [    Test worker] c.t.ToysforshotsApplicationTests         : Started ToysforshotsApplicationTests in 1.435 seconds (JVM running for 2.138)
]]></system-out>
  <system-err><![CDATA[]]></system-err>
</testsuite>
